TN:
SF:/home/labber/scheduler/src/components/Application.js
FN:16,Application
FN:27,(anonymous_1)
FNF:2
FNH:2
FNDA:11,Application
FNDA:14,(anonymous_1)
DA:22,11
DA:24,11
DA:26,11
DA:28,14
DA:41,11
LF:5
LH:5
BRF:0
BRH:0
end_of_record
TN:
SF:/home/labber/scheduler/src/components/Button.js
FN:7,Button
FNF:1
FNH:1
FNDA:32,Button
DA:8,32
DA:13,32
LF:2
LH:2
BRF:0
BRH:0
end_of_record
TN:
SF:/home/labber/scheduler/src/components/DayList.js
FN:5,DayList
FN:6,(anonymous_1)
FNF:2
FNH:2
FNDA:11,DayList
FNDA:14,(anonymous_1)
DA:6,11
DA:7,14
DA:18,11
LF:3
LH:3
BRF:0
BRH:0
end_of_record
TN:
SF:/home/labber/scheduler/src/components/DayListItem.js
FN:6,formatSpots
FN:13,DayListItem
FN:22,(anonymous_2)
FNF:3
FNH:3
FNDA:14,formatSpots
FNDA:14,DayListItem
FNDA:1,(anonymous_2)
DA:7,14
DA:8,12
DA:10,0
DA:14,14
DA:19,14
DA:22,1
LF:6
LH:5
BRDA:7,0,0,2
BRDA:7,0,1,12
BRDA:8,1,0,12
BRDA:8,1,1,0
BRF:4
BRH:3
end_of_record
TN:
SF:/home/labber/scheduler/src/components/InterviewerList.js
FN:7,InterviewerList
FN:8,(anonymous_1)
FN:16,(anonymous_2)
FNF:3
FNH:3
FNDA:16,InterviewerList
FNDA:22,(anonymous_1)
FNDA:2,(anonymous_2)
DA:8,16
DA:9,22
DA:16,2
DA:21,16
DA:29,2
LF:5
LH:5
BRF:0
BRH:0
end_of_record
TN:
SF:/home/labber/scheduler/src/components/InterviewerListItem.js
FN:6,InterviewerItem
FNF:1
FNH:1
FNDA:22,InterviewerItem
DA:7,22
DA:11,22
LF:2
LH:2
BRDA:18,0,0,22
BRDA:18,0,1,6
BRF:2
BRH:2
end_of_record
TN:
SF:/home/labber/scheduler/src/components/Appointment/Confirm.js
FN:5,Confirm
FNF:1
FNH:0
FNDA:0,Confirm
DA:6,0
LF:1
LH:0
BRF:0
BRH:0
end_of_record
TN:
SF:/home/labber/scheduler/src/components/Appointment/Empty.js
FN:3,Empty
FNF:1
FNH:1
FNDA:16,Empty
DA:4,16
LF:1
LH:1
BRF:0
BRH:0
end_of_record
TN:
SF:/home/labber/scheduler/src/components/Appointment/Error.js
FN:3,Error
FNF:1
FNH:0
FNDA:0,Error
DA:4,0
LF:1
LH:0
BRF:0
BRH:0
end_of_record
TN:
SF:/home/labber/scheduler/src/components/Appointment/Form.js
FN:6,Form
FN:11,reset
FN:17,cancel
FN:22,validate
FN:35,(anonymous_4)
FN:41,(anonymous_5)
FN:48,(anonymous_6)
FNF:7
FNH:4
FNDA:16,Form
FNDA:0,reset
FNDA:0,cancel
FNDA:6,validate
FNDA:1,(anonymous_4)
FNDA:0,(anonymous_5)
FNDA:3,(anonymous_6)
DA:7,16
DA:8,16
DA:9,16
DA:12,0
DA:13,0
DA:14,0
DA:18,0
DA:19,0
DA:23,6
DA:24,2
DA:25,2
DA:27,4
DA:28,1
DA:29,1
DA:32,3
DA:33,3
DA:35,16
DA:36,1
DA:38,16
DA:41,0
DA:49,3
LF:21
LH:15
BRDA:7,0,0,16
BRDA:7,0,1,13
BRDA:8,1,0,16
BRDA:8,1,1,12
BRDA:23,2,0,2
BRDA:23,2,1,4
BRDA:27,3,0,1
BRDA:27,3,1,3
BRF:8
BRH:8
end_of_record
TN:
SF:/home/labber/scheduler/src/components/Appointment/Header.js
FN:3,Header
FNF:1
FNH:1
FNDA:33,Header
DA:4,33
LF:1
LH:1
BRF:0
BRH:0
end_of_record
TN:
SF:/home/labber/scheduler/src/components/Appointment/Show.js
FN:3,Show
FNF:1
FNH:1
FNDA:9,Show
DA:4,9
LF:1
LH:1
BRDA:11,0,0,9
BRDA:11,0,1,9
BRF:2
BRH:2
end_of_record
TN:
SF:/home/labber/scheduler/src/components/Appointment/Status.js
FN:3,Status
FNF:1
FNH:1
FNDA:6,Status
DA:4,6
LF:1
LH:1
BRF:0
BRH:0
end_of_record
TN:
SF:/home/labber/scheduler/src/components/Appointment/index.js
FN:21,Appointment
FN:33,save
FN:43,(anonymous_2)
FN:44,(anonymous_3)
FN:47,destroy
FN:51,(anonymous_5)
FN:52,(anonymous_6)
FN:57,(anonymous_7)
FN:61,(anonymous_8)
FN:62,(anonymous_9)
FNF:10
FNH:4
FNDA:33,Appointment
FNDA:2,save
FNDA:2,(anonymous_2)
FNDA:0,(anonymous_3)
FNDA:0,destroy
FNDA:0,(anonymous_5)
FNDA:0,(anonymous_6)
FNDA:2,(anonymous_7)
FNDA:0,(anonymous_8)
FNDA:0,(anonymous_9)
DA:11,1
DA:12,1
DA:13,1
DA:14,1
DA:15,1
DA:16,1
DA:17,1
DA:18,1
DA:19,1
DA:22,33
DA:27,33
DA:29,33
DA:31,9
DA:34,2
DA:39,2
DA:41,2
DA:43,2
DA:44,0
DA:48,0
DA:49,0
DA:51,0
DA:52,0
DA:54,33
DA:57,2
DA:61,0
DA:62,0
LF:26
LH:19
BRDA:23,0,0,13
BRDA:23,0,1,20
BRDA:29,1,0,9
BRDA:29,1,1,24
BRDA:29,2,0,33
BRDA:29,2,1,24
BRDA:57,3,0,33
BRDA:57,3,1,16
BRDA:58,4,0,33
BRDA:58,4,1,9
BRDA:65,5,0,33
BRDA:65,5,1,2
BRDA:68,6,0,33
BRDA:68,6,1,0
BRDA:77,7,0,33
BRDA:77,7,1,6
BRDA:78,8,0,33
BRDA:78,8,1,0
BRDA:79,9,0,33
BRDA:79,9,1,0
BRDA:86,10,0,33
BRDA:86,10,1,0
BRDA:89,11,0,33
BRDA:89,11,1,0
BRF:24
BRH:19
end_of_record
TN:
SF:/home/labber/scheduler/src/helpers/selectors.js
FN:1,getAppointmentsForDay
FN:2,(anonymous_1)
FN:6,(anonymous_2)
FN:9,getInterviewersForDay
FN:10,(anonymous_4)
FN:14,(anonymous_5)
FN:17,getInterview
FNF:7
FNH:7
FNDA:16,getAppointmentsForDay
FNDA:14,(anonymous_1)
FNDA:22,(anonymous_2)
FNDA:16,getInterviewersForDay
FNDA:14,(anonymous_4)
FNDA:20,(anonymous_5)
FNDA:16,getInterview
DA:2,16
DA:4,16
DA:6,22
DA:10,16
DA:12,16
DA:14,20
DA:18,16
LF:7
LH:7
BRDA:4,0,0,6
BRDA:4,0,1,10
BRDA:4,1,0,16
BRDA:4,1,1,11
BRDA:12,2,0,6
BRDA:12,2,1,10
BRDA:12,3,0,16
BRDA:12,3,1,11
BRDA:19,4,0,16
BRDA:19,4,1,10
BRF:10
BRH:10
end_of_record
TN:
SF:/home/labber/scheduler/src/hooks/useApplicationData.js
FN:13,useApplicationData
FN:21,(anonymous_1)
FN:23,(anonymous_2)
FN:29,(anonymous_3)
FN:41,bookInterview
FN:42,(anonymous_5)
FN:51,cancelInterview
FN:52,(anonymous_7)
FNF:8
FNH:6
FNDA:11,useApplicationData
FNDA:1,(anonymous_1)
FNDA:4,(anonymous_2)
FNDA:4,(anonymous_3)
FNDA:2,bookInterview
FNDA:2,(anonymous_5)
FNDA:0,cancelInterview
FNDA:0,(anonymous_7)
DA:14,11
DA:21,11
DA:23,11
DA:24,4
DA:30,4
DA:39,11
DA:42,2
DA:43,2
DA:52,0
DA:53,0
DA:61,11
LF:11
LH:9
BRF:0
BRH:0
end_of_record
TN:
SF:/home/labber/scheduler/src/hooks/useRealtimeUpdate.js
FN:4,useRealtimeUpdate
FN:5,(anonymous_1)
FN:8,(anonymous_2)
FN:16,(anonymous_3)
FNF:4
FNH:3
FNDA:11,useRealtimeUpdate
FNDA:4,(anonymous_1)
FNDA:0,(anonymous_2)
FNDA:4,(anonymous_3)
DA:5,11
DA:6,4
DA:8,4
DA:9,0
DA:11,0
DA:12,0
DA:16,4
DA:17,4
LF:8
LH:5
BRDA:11,0,0,0
BRDA:11,0,1,0
BRDA:11,1,0,0
BRDA:11,1,1,0
BRF:4
BRH:0
end_of_record
TN:
SF:/home/labber/scheduler/src/hooks/useVisualMode.js
FN:2,useVisualMode
FN:5,transition
FN:9,(anonymous_2)
FN:13,back
FNF:4
FNH:4
FNDA:40,useVisualMode
FNDA:9,transition
FNDA:8,(anonymous_2)
FNDA:1,back
DA:3,40
DA:4,40
DA:6,9
DA:7,1
DA:9,8
DA:10,8
DA:14,1
DA:15,1
DA:16,1
DA:17,1
DA:18,1
DA:21,40
LF:12
LH:12
BRDA:5,0,0,8
BRDA:6,1,0,1
BRDA:6,1,1,8
BRDA:14,2,0,1
BRDA:14,2,1,0
BRF:5
BRH:4
end_of_record
TN:
SF:/home/labber/scheduler/src/reducers/application.js
FN:5,reducer
FN:27,(anonymous_1)
FN:30,(anonymous_2)
FN:34,(anonymous_3)
FNF:4
FNH:4
FNDA:8,reducer
FNDA:2,(anonymous_1)
FNDA:4,(anonymous_2)
FNDA:4,(anonymous_3)
DA:1,2
DA:2,2
DA:3,2
DA:6,8
DA:8,1
DA:10,4
DA:17,2
DA:22,2
DA:27,2
DA:28,2
DA:30,4
DA:34,2
DA:35,4
DA:43,2
DA:50,1
LF:15
LH:15
BRDA:6,0,0,1
BRDA:6,0,1,4
BRDA:6,0,2,2
BRDA:6,0,3,1
BRDA:19,1,0,2
BRDA:19,1,1,2
BRDA:30,2,0,4
BRDA:30,2,1,0
BRDA:35,3,0,2
BRDA:35,3,1,2
BRF:10
BRH:9
end_of_record
